<component name="libraryTable">
  <library name="junit-4.13-beta-11">
    <CLASSES>
      <root url="jar://$PROJECT_DIR$/resourcesUnitTests/junit-4.13-beta-1.jar!/" />
    </CLASSES>
    <JAVADOC />
    <SOURCES />
  </library>
</component>